<?xml version="1.0" encoding="UTF-8"?>
<!-- Generated by org.testng.reporters.JUnitXMLReporter -->
<testsuite ignored="0" hostname="Bashiuls-MacBook-Air.local" failures="0" tests="4" name="Test - Chrome" time="39.039" errors="0" timestamp="2022-08-26T21:44:03 BDT">
  <testcase classname="com.assignment.tests.PoiTest" name="Test_001_openPoiUi" time="2.078"/>
  <testcase classname="com.assignment.tests.PoiTest" name="Test_002_checkEmbedContentWithNoLocation" time="15.454"/>
  <testcase classname="com.assignment.tests.PoiTest" name="Test_003_checkEmbedContentWithLocationAndNoCategory" time="5.823"/>
  <testcase classname="com.assignment.tests.PoiTest" name="Test_004_checkEmbedContentWithLocationAndCategory" time="1.806"/>
</testsuite> <!-- Test - Chrome -->
