<?xml version="1.0" encoding="UTF-8"?>
<!-- Generated by org.testng.reporters.JUnitXMLReporter -->
<testsuite ignored="0" hostname="Bashiuls-MacBook-Air.local" failures="0" tests="4" name="Test - Chrome" time="46.075" errors="0" timestamp="2022-08-26T21:50:05 BDT">
  <testcase classname="com.assignment.tests.PoiTest" name="Test_001_openPoiUi" time="1.575"/>
  <testcase classname="com.assignment.tests.PoiTest" name="Test_002_checkEmbedContentWithNoLocation" time="16.652"/>
  <testcase classname="com.assignment.tests.PoiTest" name="Test_003_checkEmbedContentWithLocationAndNoCategory" time="8.716"/>
  <testcase classname="com.assignment.tests.PoiTest" name="Test_004_checkEmbedContentWithLocationAndCategory" time="5.024"/>
</testsuite> <!-- Test - Chrome -->
