<?xml version="1.0" encoding="UTF-8"?>
<testsuite name="Facebook Test - firefox"
           tests="3"
           failures="0"
           errors="0"
           skipped="0"
           time="9.720">
    <properties></properties>



            <testcase
                name="landingPageTitleCheck"
                time="0.011"
                classname="com.assignment.tests.FacebookTest">
            </testcase>
            <testcase
                name="login"
                time="0.276"
                classname="com.assignment.tests.FacebookTest">
            </testcase>
            <testcase
                name="postStatusMessage"
                time="9.433"
                classname="com.assignment.tests.FacebookTest">
            </testcase>
</testsuite>
