<?xml version="1.0" encoding="UTF-8"?>
<testng-results ignored="0" total="4" passed="4" failed="0" skipped="0">
  <reporter-output>
  </reporter-output>
  <suite started-at="2022-08-26T22:48:12 BDT" name="POI Test Suite" finished-at="2022-08-26T22:48:54 BDT" duration-ms="41697">
    <groups>
    </groups>
    <test started-at="2022-08-26T22:48:12 BDT" name="Test - Chrome" finished-at="2022-08-26T22:48:54 BDT" duration-ms="41697">
      <class name="com.assignment.tests.PoiTest">
        <test-method is-config="true" signature="setupTest(java.lang.String)[pri:0, instance:com.assignment.tests.PoiTest@32a068d1]" started-at="2022-08-26T22:48:13 BDT" name="setupTest" finished-at="2022-08-26T22:48:26 BDT" duration-ms="13288" status="PASS">
          <params>
            <param index="0">
              <value>
                <![CDATA[chrome]]>
              </value>
            </param>
          </params>
          <reporter-output>
          </reporter-output>
        </test-method> <!-- setupTest -->
        <test-method signature="Test_001_openPoiUi()[pri:0, instance:com.assignment.tests.PoiTest@32a068d1]" started-at="2022-08-26T22:48:26 BDT" name="Test_001_openPoiUi" finished-at="2022-08-26T22:48:26 BDT" duration-ms="211" status="PASS">
          <reporter-output>
          </reporter-output>
        </test-method> <!-- Test_001_openPoiUi -->
        <test-method signature="Test_002_checkEmbedContentWithNoLocation()[pri:1, instance:com.assignment.tests.PoiTest@32a068d1]" started-at="2022-08-26T22:48:26 BDT" name="Test_002_checkEmbedContentWithNoLocation" finished-at="2022-08-26T22:48:38 BDT" depends-on-methods="com.assignment.tests.PoiTest.Test_001_openPoiUi" duration-ms="12157" status="PASS">
          <reporter-output>
          </reporter-output>
        </test-method> <!-- Test_002_checkEmbedContentWithNoLocation -->
        <test-method signature="Test_003_checkEmbedContentWithLocationAndNoCategory()[pri:1, instance:com.assignment.tests.PoiTest@32a068d1]" started-at="2022-08-26T22:48:38 BDT" name="Test_003_checkEmbedContentWithLocationAndNoCategory" finished-at="2022-08-26T22:48:50 BDT" depends-on-methods="com.assignment.tests.PoiTest.Test_001_openPoiUi" duration-ms="11566" status="PASS">
          <reporter-output>
          </reporter-output>
        </test-method> <!-- Test_003_checkEmbedContentWithLocationAndNoCategory -->
        <test-method signature="Test_004_checkEmbedContentWithLocationAndCategory()[pri:1, instance:com.assignment.tests.PoiTest@32a068d1]" started-at="2022-08-26T22:48:50 BDT" name="Test_004_checkEmbedContentWithLocationAndCategory" finished-at="2022-08-26T22:48:54 BDT" depends-on-methods="com.assignment.tests.PoiTest.Test_001_openPoiUi" duration-ms="4285" status="PASS">
          <reporter-output>
          </reporter-output>
        </test-method> <!-- Test_004_checkEmbedContentWithLocationAndCategory -->
        <test-method is-config="true" signature="tearDown()[pri:0, instance:com.assignment.tests.PoiTest@32a068d1]" started-at="2022-08-26T22:48:54 BDT" name="tearDown" finished-at="2022-08-26T22:48:54 BDT" duration-ms="146" status="PASS">
          <reporter-output>
          </reporter-output>
        </test-method> <!-- tearDown -->
      </class> <!-- com.assignment.tests.PoiTest -->
    </test> <!-- Test - Chrome -->
  </suite> <!-- POI Test Suite -->
</testng-results>
